This file contains any messages produced by compilers while
running configure, to aid debugging if configure makes a mistake.

It was created by leptonica configure 1.74.4, which was
generated by GNU Autoconf 2.69.  Invocation command line was

  $ ./configure 

## --------- ##
## Platform. ##
## --------- ##

hostname = debian-gnu-linux-vm
uname -m = x86_64
uname -r = 4.9.0-3-amd64
uname -s = Linux
uname -v = #1 SMP Debian 4.9.30-2+deb9u5 (2017-09-19)

/usr/bin/uname -p = unknown
/bin/uname -X     = unknown

/bin/arch              = unknown
/usr/bin/arch -k       = unknown
/usr/convex/getsysinfo = unknown
/usr/bin/hostinfo      = unknown
/bin/machine           = unknown
/usr/bin/oslevel       = unknown
/bin/universe          = unknown

PATH: /usr/local/bin
PATH: /usr/bin
PATH: /bin
PATH: /usr/local/games
PATH: /usr/games


## ----------- ##
## Core tests. ##
## ----------- ##

configure:2398: checking build system type
configure:2412: result: x86_64-unknown-linux-gnu
configure:2432: checking host system type
configure:2445: result: x86_64-unknown-linux-gnu
configure:2486: checking how to print strings
configure:2513: result: printf
configure:2585: checking for gcc
configure:2601: found /usr/bin/gcc
configure:2612: result: gcc
configure:2841: checking for C compiler version
configure:2850: gcc --version >&5
gcc (Debian 6.3.0-18+deb9u1) 6.3.0 20170516
Copyright (C) 2016 Free Software Foundation, Inc.
This is free software; see the source for copying conditions.  There is NO
warranty; not even for MERCHANTABILITY or FITNESS FOR A PARTICULAR PURPOSE.

configure:2861: $? = 0
configure:2850: gcc -v >&5
Using built-in specs.
COLLECT_GCC=gcc
COLLECT_LTO_WRAPPER=/usr/lib/gcc/x86_64-linux-gnu/6/lto-wrapper
Target: x86_64-linux-gnu
Configured with: ../src/configure -v --with-pkgversion='Debian 6.3.0-18+deb9u1' --with-bugurl=file:///usr/share/doc/gcc-6/README.Bugs --enable-languages=c,ada,c++,java,go,d,fortran,objc,obj-c++ --prefix=/usr --program-suffix=-6 --program-prefix=x86_64-linux-gnu- --enable-shared --enable-linker-build-id --libexecdir=/usr/lib --without-included-gettext --enable-threads=posix --libdir=/usr/lib --enable-nls --with-sysroot=/ --enable-clocale=gnu --enable-libstdcxx-debug --enable-libstdcxx-time=yes --with-default-libstdcxx-abi=new --enable-gnu-unique-object --disable-vtable-verify --enable-libmpx --enable-plugin --enable-default-pie --with-system-zlib --disable-browser-plugin --enable-java-awt=gtk --enable-gtk-cairo --with-java-home=/usr/lib/jvm/java-1.5.0-gcj-6-amd64/jre --enable-java-home --with-jvm-root-dir=/usr/lib/jvm/java-1.5.0-gcj-6-amd64 --with-jvm-jar-dir=/usr/lib/jvm-exports/java-1.5.0-gcj-6-amd64 --with-arch-directory=amd64 --with-ecj-jar=/usr/share/java/eclipse-ecj.jar --with-target-system-zlib --enable-objc-gc=auto --enable-multiarch --with-arch-32=i686 --with-abi=m64 --with-multilib-list=m32,m64,mx32 --enable-multilib --with-tune=generic --enable-checking=release --build=x86_64-linux-gnu --host=x86_64-linux-gnu --target=x86_64-linux-gnu
Thread model: posix
gcc version 6.3.0 20170516 (Debian 6.3.0-18+deb9u1) 
configure:2861: $? = 0
configure:2850: gcc -V >&5
gcc: error: unrecognized command line option '-V'
gcc: fatal error: no input files
compilation terminated.
configure:2861: $? = 1
configure:2850: gcc -qversion >&5
gcc: error: unrecognized command line option '-qversion'; did you mean '--version'?
gcc: fatal error: no input files
compilation terminated.
configure:2861: $? = 1
configure:2881: checking whether the C compiler works
configure:2903: gcc    conftest.c  >&5
configure:2907: $? = 0
configure:2955: result: yes
configure:2958: checking for C compiler default output file name
configure:2960: result: a.out
configure:2966: checking for suffix of executables
configure:2973: gcc -o conftest    conftest.c  >&5
configure:2977: $? = 0
configure:2999: result: 
configure:3021: checking whether we are cross compiling
configure:3029: gcc -o conftest    conftest.c  >&5
configure:3033: $? = 0
configure:3040: ./conftest
configure:3044: $? = 0
configure:3059: result: no
configure:3064: checking for suffix of object files
configure:3086: gcc -c   conftest.c >&5
configure:3090: $? = 0
configure:3111: result: o
configure:3115: checking whether we are using the GNU C compiler
configure:3134: gcc -c   conftest.c >&5
configure:3134: $? = 0
configure:3143: result: yes
configure:3152: checking whether gcc accepts -g
configure:3172: gcc -c -g  conftest.c >&5
configure:3172: $? = 0
configure:3213: result: yes
configure:3230: checking for gcc option to accept ISO C89
configure:3293: gcc  -c -g -O2  conftest.c >&5
configure:3293: $? = 0
configure:3306: result: none needed
configure:3331: checking whether gcc understands -c and -o together
configure:3353: gcc -c conftest.c -o conftest2.o
configure:3356: $? = 0
configure:3353: gcc -c conftest.c -o conftest2.o
configure:3356: $? = 0
configure:3368: result: yes
configure:3385: checking for a sed that does not truncate output
configure:3449: result: /bin/sed
configure:3467: checking for grep that handles long lines and -e
configure:3525: result: /bin/grep
configure:3530: checking for egrep
configure:3592: result: /bin/grep -E
configure:3597: checking for fgrep
configure:3659: result: /bin/grep -F
configure:3694: checking for ld used by gcc
configure:3761: result: /usr/bin/ld
configure:3768: checking if the linker (/usr/bin/ld) is GNU ld
configure:3783: result: yes
configure:3795: checking for BSD- or MS-compatible name lister (nm)
configure:3844: result: /usr/bin/nm -B
configure:3974: checking the name lister (/usr/bin/nm -B) interface
configure:3981: gcc -c -g -O2  conftest.c >&5
configure:3984: /usr/bin/nm -B "conftest.o"
configure:3987: output
0000000000000000 B some_variable
configure:3994: result: BSD nm
configure:3997: checking whether ln -s works
configure:4001: result: yes
configure:4009: checking the maximum length of command line arguments
configure:4140: result: 1572864
configure:4157: checking whether the shell understands some XSI constructs
configure:4167: result: yes
configure:4171: checking whether the shell understands "+="
configure:4177: result: yes
configure:4212: checking how to convert x86_64-unknown-linux-gnu file names to x86_64-unknown-linux-gnu format
configure:4252: result: func_convert_file_noop
configure:4259: checking how to convert x86_64-unknown-linux-gnu file names to toolchain format
configure:4279: result: func_convert_file_noop
configure:4286: checking for /usr/bin/ld option to reload object files
configure:4293: result: -r
configure:4367: checking for objdump
configure:4383: found /usr/bin/objdump
configure:4394: result: objdump
configure:4426: checking how to recognize dependent libraries
configure:4624: result: pass_all
configure:4709: checking for dlltool
configure:4739: result: no
configure:4769: checking how to associate runtime and link libraries
configure:4796: result: printf %s\n
configure:4857: checking for ar
configure:4873: found /usr/bin/ar
configure:4884: result: ar
configure:4921: checking for archiver @FILE support
configure:4938: gcc -c -g -O2  conftest.c >&5
configure:4938: $? = 0
configure:4941: ar cru libconftest.a @conftest.lst >&5
ar: `u' modifier ignored since `D' is the default (see `U')
configure:4944: $? = 0
configure:4949: ar cru libconftest.a @conftest.lst >&5
ar: `u' modifier ignored since `D' is the default (see `U')
ar: conftest.o: No such file or directory
configure:4952: $? = 1
configure:4964: result: @
configure:5022: checking for strip
configure:5038: found /usr/bin/strip
configure:5049: result: strip
configure:5121: checking for ranlib
configure:5137: found /usr/bin/ranlib
configure:5148: result: ranlib
configure:5225: checking for gawk
configure:5241: found /usr/bin/gawk
configure:5252: result: gawk
configure:5292: checking command to parse /usr/bin/nm -B output from gcc object
configure:5412: gcc -c -g -O2  conftest.c >&5
configure:5415: $? = 0
configure:5419: /usr/bin/nm -B conftest.o \| sed -n -e 's/^.*[ ]\([ABCDGIRSTW][ABCDGIRSTW]*\)[ ][ ]*\([_A-Za-z][_A-Za-z0-9]*\)$/\1 \2 \2/p' | sed '/ __gnu_lto/d' \> conftest.nm
configure:5422: $? = 0
configure:5488: gcc -o conftest -g -O2   conftest.c conftstm.o >&5
configure:5491: $? = 0
configure:5529: result: ok
configure:5566: checking for sysroot
configure:5596: result: no
configure:5673: gcc -c -g -O2  conftest.c >&5
configure:5676: $? = 0
configure:5865: checking for mt
configure:5881: found /bin/mt
configure:5892: result: mt
configure:5915: checking if mt is a manifest tool
configure:5921: mt '-?'
configure:5929: result: no
configure:6571: checking how to run the C preprocessor
configure:6602: gcc -E  conftest.c
configure:6602: $? = 0
configure:6616: gcc -E  conftest.c
conftest.c:9:28: fatal error: ac_nonexistent.h: No such file or directory
 #include <ac_nonexistent.h>
                            ^
compilation terminated.
configure:6616: $? = 1
configure: failed program was:
| /* confdefs.h */
| #define PACKAGE_NAME "leptonica"
| #define PACKAGE_TARNAME "leptonica"
| #define PACKAGE_VERSION "1.74.4"
| #define PACKAGE_STRING "leptonica 1.74.4"
| #define PACKAGE_BUGREPORT ""
| #define PACKAGE_URL ""
| /* end confdefs.h.  */
| #include <ac_nonexistent.h>
configure:6641: result: gcc -E
configure:6661: gcc -E  conftest.c
configure:6661: $? = 0
configure:6675: gcc -E  conftest.c
conftest.c:9:28: fatal error: ac_nonexistent.h: No such file or directory
 #include <ac_nonexistent.h>
                            ^
compilation terminated.
configure:6675: $? = 1
configure: failed program was:
| /* confdefs.h */
| #define PACKAGE_NAME "leptonica"
| #define PACKAGE_TARNAME "leptonica"
| #define PACKAGE_VERSION "1.74.4"
| #define PACKAGE_STRING "leptonica 1.74.4"
| #define PACKAGE_BUGREPORT ""
| #define PACKAGE_URL ""
| /* end confdefs.h.  */
| #include <ac_nonexistent.h>
configure:6704: checking for ANSI C header files
configure:6724: gcc -c -g -O2  conftest.c >&5
configure:6724: $? = 0
configure:6797: gcc -o conftest -g -O2   conftest.c  >&5
configure:6797: $? = 0
configure:6797: ./conftest
configure:6797: $? = 0
configure:6808: result: yes
configure:6821: checking for sys/types.h
configure:6821: gcc -c -g -O2  conftest.c >&5
configure:6821: $? = 0
configure:6821: result: yes
configure:6821: checking for sys/stat.h
configure:6821: gcc -c -g -O2  conftest.c >&5
configure:6821: $? = 0
configure:6821: result: yes
configure:6821: checking for stdlib.h
configure:6821: gcc -c -g -O2  conftest.c >&5
configure:6821: $? = 0
configure:6821: result: yes
configure:6821: checking for string.h
configure:6821: gcc -c -g -O2  conftest.c >&5
configure:6821: $? = 0
configure:6821: result: yes
configure:6821: checking for memory.h
configure:6821: gcc -c -g -O2  conftest.c >&5
configure:6821: $? = 0
configure:6821: result: yes
configure:6821: checking for strings.h
configure:6821: gcc -c -g -O2  conftest.c >&5
configure:6821: $? = 0
configure:6821: result: yes
configure:6821: checking for inttypes.h
configure:6821: gcc -c -g -O2  conftest.c >&5
configure:6821: $? = 0
configure:6821: result: yes
configure:6821: checking for stdint.h
configure:6821: gcc -c -g -O2  conftest.c >&5
configure:6821: $? = 0
configure:6821: result: yes
configure:6821: checking for unistd.h
configure:6821: gcc -c -g -O2  conftest.c >&5
configure:6821: $? = 0
configure:6821: result: yes
configure:6835: checking for dlfcn.h
configure:6835: gcc -c -g -O2  conftest.c >&5
configure:6835: $? = 0
configure:6835: result: yes
configure:7041: checking for objdir
configure:7056: result: .libs
configure:7327: checking if gcc supports -fno-rtti -fno-exceptions
configure:7345: gcc -c -g -O2  -fno-rtti -fno-exceptions conftest.c >&5
cc1: warning: command line option '-fno-rtti' is valid for C++/ObjC++ but not for C
configure:7349: $? = 0
configure:7362: result: no
configure:7689: checking for gcc option to produce PIC
configure:7696: result: -fPIC -DPIC
configure:7704: checking if gcc PIC flag -fPIC -DPIC works
configure:7722: gcc -c -g -O2  -fPIC -DPIC -DPIC conftest.c >&5
configure:7726: $? = 0
configure:7739: result: yes
configure:7768: checking if gcc static flag -static works
configure:7796: result: yes
configure:7811: checking if gcc supports -c -o file.o
configure:7832: gcc -c -g -O2  -o out/conftest2.o conftest.c >&5
configure:7836: $? = 0
configure:7858: result: yes
configure:7866: checking if gcc supports -c -o file.o
configure:7913: result: yes
configure:7946: checking whether the gcc linker (/usr/bin/ld -m elf_x86_64) supports shared libraries
configure:9103: result: yes
configure:9140: checking whether -lc should be explicitly linked in
configure:9148: gcc -c -g -O2  conftest.c >&5
configure:9151: $? = 0
configure:9166: gcc -shared  -fPIC -DPIC conftest.o  -v -Wl,-soname -Wl,conftest -o conftest 2\>\&1 \| /bin/grep  -lc  \>/dev/null 2\>\&1
configure:9169: $? = 0
configure:9183: result: no
configure:9343: checking dynamic linker characteristics
configure:9843: gcc -o conftest -g -O2   -Wl,-rpath -Wl,/foo conftest.c  >&5
configure:9843: $? = 0
configure:10077: result: GNU/Linux ld.so
configure:10184: checking how to hardcode library paths into programs
configure:10209: result: immediate
configure:10749: checking whether stripping libraries is possible
configure:10754: result: yes
configure:10789: checking if libtool supports shared libraries
configure:10791: result: yes
configure:10794: checking whether to build shared libraries
configure:10815: result: yes
configure:10818: checking whether to build static libraries
configure:10822: result: yes
configure:10876: checking for a BSD-compatible install
configure:10944: result: /usr/bin/install -c
configure:10955: checking whether build environment is sane
configure:11010: result: yes
configure:11158: checking for a thread-safe mkdir -p
configure:11197: result: /bin/mkdir -p
configure:11200: checking whether make sets $(MAKE)
configure:11222: result: yes
configure:11252: checking for style of include used by make
configure:11280: result: GNU
configure:11314: checking whether make supports nested variables
configure:11331: result: yes
configure:11416: checking dependency style of gcc
configure:11527: result: gcc3
configure:11597: checking for gawk
configure:11624: result: gawk
configure:11683: checking for gcc
configure:11710: result: gcc
configure:11939: checking for C compiler version
configure:11948: gcc --version >&5
gcc (Debian 6.3.0-18+deb9u1) 6.3.0 20170516
Copyright (C) 2016 Free Software Foundation, Inc.
This is free software; see the source for copying conditions.  There is NO
warranty; not even for MERCHANTABILITY or FITNESS FOR A PARTICULAR PURPOSE.

configure:11959: $? = 0
configure:11948: gcc -v >&5
Using built-in specs.
COLLECT_GCC=gcc
COLLECT_LTO_WRAPPER=/usr/lib/gcc/x86_64-linux-gnu/6/lto-wrapper
Target: x86_64-linux-gnu
Configured with: ../src/configure -v --with-pkgversion='Debian 6.3.0-18+deb9u1' --with-bugurl=file:///usr/share/doc/gcc-6/README.Bugs --enable-languages=c,ada,c++,java,go,d,fortran,objc,obj-c++ --prefix=/usr --program-suffix=-6 --program-prefix=x86_64-linux-gnu- --enable-shared --enable-linker-build-id --libexecdir=/usr/lib --without-included-gettext --enable-threads=posix --libdir=/usr/lib --enable-nls --with-sysroot=/ --enable-clocale=gnu --enable-libstdcxx-debug --enable-libstdcxx-time=yes --with-default-libstdcxx-abi=new --enable-gnu-unique-object --disable-vtable-verify --enable-libmpx --enable-plugin --enable-default-pie --with-system-zlib --disable-browser-plugin --enable-java-awt=gtk --enable-gtk-cairo --with-java-home=/usr/lib/jvm/java-1.5.0-gcj-6-amd64/jre --enable-java-home --with-jvm-root-dir=/usr/lib/jvm/java-1.5.0-gcj-6-amd64 --with-jvm-jar-dir=/usr/lib/jvm-exports/java-1.5.0-gcj-6-amd64 --with-arch-directory=amd64 --with-ecj-jar=/usr/share/java/eclipse-ecj.jar --with-target-system-zlib --enable-objc-gc=auto --enable-multiarch --with-arch-32=i686 --with-abi=m64 --with-multilib-list=m32,m64,mx32 --enable-multilib --with-tune=generic --enable-checking=release --build=x86_64-linux-gnu --host=x86_64-linux-gnu --target=x86_64-linux-gnu
Thread model: posix
gcc version 6.3.0 20170516 (Debian 6.3.0-18+deb9u1) 
configure:11959: $? = 0
configure:11948: gcc -V >&5
gcc: error: unrecognized command line option '-V'
gcc: fatal error: no input files
compilation terminated.
configure:11959: $? = 1
configure:11948: gcc -qversion >&5
gcc: error: unrecognized command line option '-qversion'; did you mean '--version'?
gcc: fatal error: no input files
compilation terminated.
configure:11959: $? = 1
configure:11963: checking whether we are using the GNU C compiler
configure:11991: result: yes
configure:12000: checking whether gcc accepts -g
configure:12061: result: yes
configure:12078: checking for gcc option to accept ISO C89
configure:12154: result: none needed
configure:12179: checking whether gcc understands -c and -o together
configure:12216: result: yes
configure:12238: checking how to run the C preprocessor
configure:12308: result: gcc -E
configure:12328: gcc -E  conftest.c
configure:12328: $? = 0
configure:12342: gcc -E  conftest.c
conftest.c:23:28: fatal error: ac_nonexistent.h: No such file or directory
 #include <ac_nonexistent.h>
                            ^
compilation terminated.
configure:12342: $? = 1
configure: failed program was:
| /* confdefs.h */
| #define PACKAGE_NAME "leptonica"
| #define PACKAGE_TARNAME "leptonica"
| #define PACKAGE_VERSION "1.74.4"
| #define PACKAGE_STRING "leptonica 1.74.4"
| #define PACKAGE_BUGREPORT ""
| #define PACKAGE_URL ""
| #define STDC_HEADERS 1
| #define HAVE_SYS_TYPES_H 1
| #define HAVE_SYS_STAT_H 1
| #define HAVE_STDLIB_H 1
| #define HAVE_STRING_H 1
| #define HAVE_MEMORY_H 1
| #define HAVE_STRINGS_H 1
| #define HAVE_INTTYPES_H 1
| #define HAVE_STDINT_H 1
| #define HAVE_UNISTD_H 1
| #define HAVE_DLFCN_H 1
| #define LT_OBJDIR ".libs/"
| #define PACKAGE "leptonica"
| #define VERSION "1.74.4"
| /* end confdefs.h.  */
| #include <ac_nonexistent.h>
configure:12372: checking whether ln -s works
configure:12376: result: yes
configure:12383: checking whether make sets $(MAKE)
configure:12405: result: yes
configure:12562: checking for cos in -lm
configure:12587: gcc -o conftest -g -O2   conftest.c -lm   >&5
conftest.c:30:6: warning: conflicting types for built-in function 'cos'
 char cos ();
      ^~~
configure:12587: $? = 0
configure:12596: result: yes
configure:12661: checking for pkg-config
configure:12694: result: no
configure:12731: checking for ZLIB
configure:12839: result: no
configure:12842: checking for deflate in -lz
configure:12867: gcc -o conftest -g -O2   conftest.c -lz   >&5
/usr/bin/ld: cannot find -lz
collect2: error: ld returned 1 exit status
configure:12867: $? = 1
configure: failed program was:
| /* confdefs.h */
| #define PACKAGE_NAME "leptonica"
| #define PACKAGE_TARNAME "leptonica"
| #define PACKAGE_VERSION "1.74.4"
| #define PACKAGE_STRING "leptonica 1.74.4"
| #define PACKAGE_BUGREPORT ""
| #define PACKAGE_URL ""
| #define STDC_HEADERS 1
| #define HAVE_SYS_TYPES_H 1
| #define HAVE_SYS_STAT_H 1
| #define HAVE_STDLIB_H 1
| #define HAVE_STRING_H 1
| #define HAVE_MEMORY_H 1
| #define HAVE_STRINGS_H 1
| #define HAVE_INTTYPES_H 1
| #define HAVE_STDINT_H 1
| #define HAVE_UNISTD_H 1
| #define HAVE_DLFCN_H 1
| #define LT_OBJDIR ".libs/"
| #define PACKAGE "leptonica"
| #define VERSION "1.74.4"
| /* end confdefs.h.  */
| 
| /* Override any GCC internal prototype to avoid an error.
|    Use char because int might match the return type of a GCC
|    builtin and then its argument prototype would still apply.  */
| #ifdef __cplusplus
| extern "C"
| #endif
| char deflate ();
| int
| main ()
| {
| return deflate ();
|   ;
|   return 0;
| }
configure:12876: result: no
configure:12909: checking for LIBPNG
configure:13017: result: no
configure:13020: checking for png_read_png in -lpng
configure:13046: gcc -o conftest -g -O2   conftest.c -lpng -lm 
      >&5
/usr/bin/ld: cannot find -lpng
collect2: error: ld returned 1 exit status
configure:13046: $? = 1
configure: failed program was:
| /* confdefs.h */
| #define PACKAGE_NAME "leptonica"
| #define PACKAGE_TARNAME "leptonica"
| #define PACKAGE_VERSION "1.74.4"
| #define PACKAGE_STRING "leptonica 1.74.4"
| #define PACKAGE_BUGREPORT ""
| #define PACKAGE_URL ""
| #define STDC_HEADERS 1
| #define HAVE_SYS_TYPES_H 1
| #define HAVE_SYS_STAT_H 1
| #define HAVE_STDLIB_H 1
| #define HAVE_STRING_H 1
| #define HAVE_MEMORY_H 1
| #define HAVE_STRINGS_H 1
| #define HAVE_INTTYPES_H 1
| #define HAVE_STDINT_H 1
| #define HAVE_UNISTD_H 1
| #define HAVE_DLFCN_H 1
| #define LT_OBJDIR ".libs/"
| #define PACKAGE "leptonica"
| #define VERSION "1.74.4"
| /* end confdefs.h.  */
| 
| /* Override any GCC internal prototype to avoid an error.
|    Use char because int might match the return type of a GCC
|    builtin and then its argument prototype would still apply.  */
| #ifdef __cplusplus
| extern "C"
| #endif
| char png_read_png ();
| int
| main ()
| {
| return png_read_png ();
|   ;
|   return 0;
| }
configure:13055: result: no
configure:13087: checking for JPEG
configure:13195: result: no
configure:13198: checking for jpeg_read_scanlines in -ljpeg
configure:13223: gcc -o conftest -g -O2   conftest.c -ljpeg   >&5
/usr/bin/ld: cannot find -ljpeg
collect2: error: ld returned 1 exit status
configure:13223: $? = 1
configure: failed program was:
| /* confdefs.h */
| #define PACKAGE_NAME "leptonica"
| #define PACKAGE_TARNAME "leptonica"
| #define PACKAGE_VERSION "1.74.4"
| #define PACKAGE_STRING "leptonica 1.74.4"
| #define PACKAGE_BUGREPORT ""
| #define PACKAGE_URL ""
| #define STDC_HEADERS 1
| #define HAVE_SYS_TYPES_H 1
| #define HAVE_SYS_STAT_H 1
| #define HAVE_STDLIB_H 1
| #define HAVE_STRING_H 1
| #define HAVE_MEMORY_H 1
| #define HAVE_STRINGS_H 1
| #define HAVE_INTTYPES_H 1
| #define HAVE_STDINT_H 1
| #define HAVE_UNISTD_H 1
| #define HAVE_DLFCN_H 1
| #define LT_OBJDIR ".libs/"
| #define PACKAGE "leptonica"
| #define VERSION "1.74.4"
| /* end confdefs.h.  */
| 
| /* Override any GCC internal prototype to avoid an error.
|    Use char because int might match the return type of a GCC
|    builtin and then its argument prototype would still apply.  */
| #ifdef __cplusplus
| extern "C"
| #endif
| char jpeg_read_scanlines ();
| int
| main ()
| {
| return jpeg_read_scanlines ();
|   ;
|   return 0;
| }
configure:13232: result: no
configure:13262: checking for DGifOpenFileHandle in -lgif
configure:13287: gcc -o conftest -g -O2   conftest.c -lgif   >&5
/usr/bin/ld: cannot find -lgif
collect2: error: ld returned 1 exit status
configure:13287: $? = 1
configure: failed program was:
| /* confdefs.h */
| #define PACKAGE_NAME "leptonica"
| #define PACKAGE_TARNAME "leptonica"
| #define PACKAGE_VERSION "1.74.4"
| #define PACKAGE_STRING "leptonica 1.74.4"
| #define PACKAGE_BUGREPORT ""
| #define PACKAGE_URL ""
| #define STDC_HEADERS 1
| #define HAVE_SYS_TYPES_H 1
| #define HAVE_SYS_STAT_H 1
| #define HAVE_STDLIB_H 1
| #define HAVE_STRING_H 1
| #define HAVE_MEMORY_H 1
| #define HAVE_STRINGS_H 1
| #define HAVE_INTTYPES_H 1
| #define HAVE_STDINT_H 1
| #define HAVE_UNISTD_H 1
| #define HAVE_DLFCN_H 1
| #define LT_OBJDIR ".libs/"
| #define PACKAGE "leptonica"
| #define VERSION "1.74.4"
| /* end confdefs.h.  */
| 
| /* Override any GCC internal prototype to avoid an error.
|    Use char because int might match the return type of a GCC
|    builtin and then its argument prototype would still apply.  */
| #ifdef __cplusplus
| extern "C"
| #endif
| char DGifOpenFileHandle ();
| int
| main ()
| {
| return DGifOpenFileHandle ();
|   ;
|   return 0;
| }
configure:13296: result: no
configure:13326: checking for LIBTIFF
configure:13434: result: no
configure:13437: checking for TIFFOpen in -ltiff
configure:13463: gcc -o conftest -g -O2   conftest.c -ltiff -lm  
      >&5
/usr/bin/ld: cannot find -ltiff
collect2: error: ld returned 1 exit status
configure:13463: $? = 1
configure: failed program was:
| /* confdefs.h */
| #define PACKAGE_NAME "leptonica"
| #define PACKAGE_TARNAME "leptonica"
| #define PACKAGE_VERSION "1.74.4"
| #define PACKAGE_STRING "leptonica 1.74.4"
| #define PACKAGE_BUGREPORT ""
| #define PACKAGE_URL ""
| #define STDC_HEADERS 1
| #define HAVE_SYS_TYPES_H 1
| #define HAVE_SYS_STAT_H 1
| #define HAVE_STDLIB_H 1
| #define HAVE_STRING_H 1
| #define HAVE_MEMORY_H 1
| #define HAVE_STRINGS_H 1
| #define HAVE_INTTYPES_H 1
| #define HAVE_STDINT_H 1
| #define HAVE_UNISTD_H 1
| #define HAVE_DLFCN_H 1
| #define LT_OBJDIR ".libs/"
| #define PACKAGE "leptonica"
| #define VERSION "1.74.4"
| /* end confdefs.h.  */
| 
| /* Override any GCC internal prototype to avoid an error.
|    Use char because int might match the return type of a GCC
|    builtin and then its argument prototype would still apply.  */
| #ifdef __cplusplus
| extern "C"
| #endif
| char TIFFOpen ();
| int
| main ()
| {
| return TIFFOpen ();
|   ;
|   return 0;
| }
configure:13472: result: no
configure:13504: checking for LIBWEBP
configure:13612: result: no
configure:13615: checking for WebPGetInfo in -lwebp
configure:13641: gcc -o conftest -g -O2   conftest.c -lwebp -lm
      >&5
/usr/bin/ld: cannot find -lwebp
collect2: error: ld returned 1 exit status
configure:13641: $? = 1
configure: failed program was:
| /* confdefs.h */
| #define PACKAGE_NAME "leptonica"
| #define PACKAGE_TARNAME "leptonica"
| #define PACKAGE_VERSION "1.74.4"
| #define PACKAGE_STRING "leptonica 1.74.4"
| #define PACKAGE_BUGREPORT ""
| #define PACKAGE_URL ""
| #define STDC_HEADERS 1
| #define HAVE_SYS_TYPES_H 1
| #define HAVE_SYS_STAT_H 1
| #define HAVE_STDLIB_H 1
| #define HAVE_STRING_H 1
| #define HAVE_MEMORY_H 1
| #define HAVE_STRINGS_H 1
| #define HAVE_INTTYPES_H 1
| #define HAVE_STDINT_H 1
| #define HAVE_UNISTD_H 1
| #define HAVE_DLFCN_H 1
| #define LT_OBJDIR ".libs/"
| #define PACKAGE "leptonica"
| #define VERSION "1.74.4"
| /* end confdefs.h.  */
| 
| /* Override any GCC internal prototype to avoid an error.
|    Use char because int might match the return type of a GCC
|    builtin and then its argument prototype would still apply.  */
| #ifdef __cplusplus
| extern "C"
| #endif
| char WebPGetInfo ();
| int
| main ()
| {
| return WebPGetInfo ();
|   ;
|   return 0;
| }
configure:13650: result: no
configure:13691: checking for LIBJP2K
configure:13820: result: no
configure:13823: checking for opj_create_decompress in -lopenjp2
configure:13848: gcc -o conftest -g -O2   conftest.c -lopenjp2   >&5
/usr/bin/ld: cannot find -lopenjp2
collect2: error: ld returned 1 exit status
configure:13848: $? = 1
configure: failed program was:
| /* confdefs.h */
| #define PACKAGE_NAME "leptonica"
| #define PACKAGE_TARNAME "leptonica"
| #define PACKAGE_VERSION "1.74.4"
| #define PACKAGE_STRING "leptonica 1.74.4"
| #define PACKAGE_BUGREPORT ""
| #define PACKAGE_URL ""
| #define STDC_HEADERS 1
| #define HAVE_SYS_TYPES_H 1
| #define HAVE_SYS_STAT_H 1
| #define HAVE_STDLIB_H 1
| #define HAVE_STRING_H 1
| #define HAVE_MEMORY_H 1
| #define HAVE_STRINGS_H 1
| #define HAVE_INTTYPES_H 1
| #define HAVE_STDINT_H 1
| #define HAVE_UNISTD_H 1
| #define HAVE_DLFCN_H 1
| #define LT_OBJDIR ".libs/"
| #define PACKAGE "leptonica"
| #define VERSION "1.74.4"
| /* end confdefs.h.  */
| 
| /* Override any GCC internal prototype to avoid an error.
|    Use char because int might match the return type of a GCC
|    builtin and then its argument prototype would still apply.  */
| #ifdef __cplusplus
| extern "C"
| #endif
| char opj_create_decompress ();
| int
| main ()
| {
| return opj_create_decompress ();
|   ;
|   return 0;
| }
configure:13857: result: no
configure:13935: checking whether make supports nested variables
configure:13952: result: yes
configure:13965: checking for size_t
configure:13965: gcc -c -g -O2  conftest.c >&5
configure:13965: $? = 0
configure:13965: gcc -c -g -O2  conftest.c >&5
conftest.c: In function 'main':
conftest.c:59:21: error: expected expression before ')' token
 if (sizeof ((size_t)))
                     ^
configure:13965: $? = 1
configure: failed program was:
| /* confdefs.h */
| #define PACKAGE_NAME "leptonica"
| #define PACKAGE_TARNAME "leptonica"
| #define PACKAGE_VERSION "1.74.4"
| #define PACKAGE_STRING "leptonica 1.74.4"
| #define PACKAGE_BUGREPORT ""
| #define PACKAGE_URL ""
| #define STDC_HEADERS 1
| #define HAVE_SYS_TYPES_H 1
| #define HAVE_SYS_STAT_H 1
| #define HAVE_STDLIB_H 1
| #define HAVE_STRING_H 1
| #define HAVE_MEMORY_H 1
| #define HAVE_STRINGS_H 1
| #define HAVE_INTTYPES_H 1
| #define HAVE_STDINT_H 1
| #define HAVE_UNISTD_H 1
| #define HAVE_DLFCN_H 1
| #define LT_OBJDIR ".libs/"
| #define PACKAGE "leptonica"
| #define VERSION "1.74.4"
| /* end confdefs.h.  */
| #include <stdio.h>
| #ifdef HAVE_SYS_TYPES_H
| # include <sys/types.h>
| #endif
| #ifdef HAVE_SYS_STAT_H
| # include <sys/stat.h>
| #endif
| #ifdef STDC_HEADERS
| # include <stdlib.h>
| # include <stddef.h>
| #else
| # ifdef HAVE_STDLIB_H
| #  include <stdlib.h>
| # endif
| #endif
| #ifdef HAVE_STRING_H
| # if !defined STDC_HEADERS && defined HAVE_MEMORY_H
| #  include <memory.h>
| # endif
| # include <string.h>
| #endif
| #ifdef HAVE_STRINGS_H
| # include <strings.h>
| #endif
| #ifdef HAVE_INTTYPES_H
| # include <inttypes.h>
| #endif
| #ifdef HAVE_STDINT_H
| # include <stdint.h>
| #endif
| #ifdef HAVE_UNISTD_H
| # include <unistd.h>
| #endif
| int
| main ()
| {
| if (sizeof ((size_t)))
| 	    return 0;
|   ;
|   return 0;
| }
configure:13965: result: yes
configure:13976: checking whether byte ordering is bigendian
configure:13991: gcc -c -g -O2  conftest.c >&5
conftest.c:24:9: error: unknown type name 'not'
         not a universal capable compiler
         ^~~
conftest.c:24:15: error: expected '=', ',', ';', 'asm' or '__attribute__' before 'universal'
         not a universal capable compiler
               ^~~~~~~~~
conftest.c:24:15: error: unknown type name 'universal'
configure:13991: $? = 1
configure: failed program was:
| /* confdefs.h */
| #define PACKAGE_NAME "leptonica"
| #define PACKAGE_TARNAME "leptonica"
| #define PACKAGE_VERSION "1.74.4"
| #define PACKAGE_STRING "leptonica 1.74.4"
| #define PACKAGE_BUGREPORT ""
| #define PACKAGE_URL ""
| #define STDC_HEADERS 1
| #define HAVE_SYS_TYPES_H 1
| #define HAVE_SYS_STAT_H 1
| #define HAVE_STDLIB_H 1
| #define HAVE_STRING_H 1
| #define HAVE_MEMORY_H 1
| #define HAVE_STRINGS_H 1
| #define HAVE_INTTYPES_H 1
| #define HAVE_STDINT_H 1
| #define HAVE_UNISTD_H 1
| #define HAVE_DLFCN_H 1
| #define LT_OBJDIR ".libs/"
| #define PACKAGE "leptonica"
| #define VERSION "1.74.4"
| /* end confdefs.h.  */
| #ifndef __APPLE_CC__
| 	       not a universal capable compiler
| 	     #endif
| 	     typedef int dummy;
| 
configure:14036: gcc -c -g -O2  conftest.c >&5
configure:14036: $? = 0
configure:14054: gcc -c -g -O2  conftest.c >&5
conftest.c: In function 'main':
conftest.c:30:4: error: unknown type name 'not'
    not big endian
    ^~~
conftest.c:30:12: error: expected '=', ',', ';', 'asm' or '__attribute__' before 'endian'
    not big endian
            ^~~~~~
configure:14054: $? = 1
configure: failed program was:
| /* confdefs.h */
| #define PACKAGE_NAME "leptonica"
| #define PACKAGE_TARNAME "leptonica"
| #define PACKAGE_VERSION "1.74.4"
| #define PACKAGE_STRING "leptonica 1.74.4"
| #define PACKAGE_BUGREPORT ""
| #define PACKAGE_URL ""
| #define STDC_HEADERS 1
| #define HAVE_SYS_TYPES_H 1
| #define HAVE_SYS_STAT_H 1
| #define HAVE_STDLIB_H 1
| #define HAVE_STRING_H 1
| #define HAVE_MEMORY_H 1
| #define HAVE_STRINGS_H 1
| #define HAVE_INTTYPES_H 1
| #define HAVE_STDINT_H 1
| #define HAVE_UNISTD_H 1
| #define HAVE_DLFCN_H 1
| #define LT_OBJDIR ".libs/"
| #define PACKAGE "leptonica"
| #define VERSION "1.74.4"
| /* end confdefs.h.  */
| #include <sys/types.h>
| 		#include <sys/param.h>
| 
| int
| main ()
| {
| #if BYTE_ORDER != BIG_ENDIAN
| 		 not big endian
| 		#endif
| 
|   ;
|   return 0;
| }
configure:14182: result: no
configure:14214: checking whether compiler supports -Wl,--as-needed
configure:14230: gcc -o conftest -g -O2  -Wl,--as-needed  conftest.c  >&5
configure:14230: $? = 0
configure:14231: result: yes
configure:14244: checking for fmemopen
configure:14244: gcc -o conftest -g -O2  -Wl,--as-needed  conftest.c  >&5
configure:14244: $? = 0
configure:14244: result: yes
configure:14365: checking that generated files are newer than configure
configure:14371: result: done
configure:14411: creating ./config.status

## ---------------------- ##
## Running config.status. ##
## ---------------------- ##

This file was extended by leptonica config.status 1.74.4, which was
generated by GNU Autoconf 2.69.  Invocation command line was

  CONFIG_FILES    = 
  CONFIG_HEADERS  = 
  CONFIG_LINKS    = 
  CONFIG_COMMANDS = 
  $ ./config.status 

on debian-gnu-linux-vm

config.status:1113: creating Makefile
config.status:1113: creating src/endianness.h
config.status:1113: creating src/Makefile
config.status:1113: creating prog/Makefile
config.status:1113: creating lept.pc
config.status:1113: creating config_auto.h
config.status:1342: executing libtool commands
config.status:1342: executing depfiles commands

## ---------------- ##
## Cache variables. ##
## ---------------- ##

ac_cv_build=x86_64-unknown-linux-gnu
ac_cv_c_bigendian=no
ac_cv_c_compiler_gnu=yes
ac_cv_env_CC_set=
ac_cv_env_CC_value=
ac_cv_env_CFLAGS_set=
ac_cv_env_CFLAGS_value=
ac_cv_env_CPPFLAGS_set=
ac_cv_env_CPPFLAGS_value=
ac_cv_env_CPP_set=
ac_cv_env_CPP_value=
ac_cv_env_JPEG_CFLAGS_set=
ac_cv_env_JPEG_CFLAGS_value=
ac_cv_env_JPEG_LIBS_set=
ac_cv_env_JPEG_LIBS_value=
ac_cv_env_LDFLAGS_set=
ac_cv_env_LDFLAGS_value=
ac_cv_env_LIBJP2K_CFLAGS_set=
ac_cv_env_LIBJP2K_CFLAGS_value=
ac_cv_env_LIBJP2K_LIBS_set=
ac_cv_env_LIBJP2K_LIBS_value=
ac_cv_env_LIBPNG_CFLAGS_set=
ac_cv_env_LIBPNG_CFLAGS_value=
ac_cv_env_LIBPNG_LIBS_set=
ac_cv_env_LIBPNG_LIBS_value=
ac_cv_env_LIBS_set=
ac_cv_env_LIBS_value=
ac_cv_env_LIBTIFF_CFLAGS_set=
ac_cv_env_LIBTIFF_CFLAGS_value=
ac_cv_env_LIBTIFF_LIBS_set=
ac_cv_env_LIBTIFF_LIBS_value=
ac_cv_env_LIBWEBP_CFLAGS_set=
ac_cv_env_LIBWEBP_CFLAGS_value=
ac_cv_env_LIBWEBP_LIBS_set=
ac_cv_env_LIBWEBP_LIBS_value=
ac_cv_env_PKG_CONFIG_LIBDIR_set=
ac_cv_env_PKG_CONFIG_LIBDIR_value=
ac_cv_env_PKG_CONFIG_PATH_set=
ac_cv_env_PKG_CONFIG_PATH_value=
ac_cv_env_PKG_CONFIG_set=
ac_cv_env_PKG_CONFIG_value=
ac_cv_env_ZLIB_CFLAGS_set=
ac_cv_env_ZLIB_CFLAGS_value=
ac_cv_env_ZLIB_LIBS_set=
ac_cv_env_ZLIB_LIBS_value=
ac_cv_env_build_alias_set=
ac_cv_env_build_alias_value=
ac_cv_env_host_alias_set=
ac_cv_env_host_alias_value=
ac_cv_env_target_alias_set=
ac_cv_env_target_alias_value=
ac_cv_func_fmemopen=yes
ac_cv_header_dlfcn_h=yes
ac_cv_header_inttypes_h=yes
ac_cv_header_memory_h=yes
ac_cv_header_stdc=yes
ac_cv_header_stdint_h=yes
ac_cv_header_stdlib_h=yes
ac_cv_header_string_h=yes
ac_cv_header_strings_h=yes
ac_cv_header_sys_stat_h=yes
ac_cv_header_sys_types_h=yes
ac_cv_header_unistd_h=yes
ac_cv_host=x86_64-unknown-linux-gnu
ac_cv_lib_gif_DGifOpenFileHandle=no
ac_cv_lib_jpeg_jpeg_read_scanlines=no
ac_cv_lib_m_cos=yes
ac_cv_lib_openjp2_opj_create_decompress=no
ac_cv_lib_png_png_read_png=no
ac_cv_lib_tiff_TIFFOpen=no
ac_cv_lib_webp_WebPGetInfo=no
ac_cv_lib_z_deflate=no
ac_cv_objext=o
ac_cv_path_EGREP='/bin/grep -E'
ac_cv_path_FGREP='/bin/grep -F'
ac_cv_path_GREP=/bin/grep
ac_cv_path_SED=/bin/sed
ac_cv_path_install='/usr/bin/install -c'
ac_cv_path_mkdir=/bin/mkdir
ac_cv_prog_AWK=gawk
ac_cv_prog_CPP='gcc -E'
ac_cv_prog_ac_ct_AR=ar
ac_cv_prog_ac_ct_CC=gcc
ac_cv_prog_ac_ct_MANIFEST_TOOL=mt
ac_cv_prog_ac_ct_OBJDUMP=objdump
ac_cv_prog_ac_ct_RANLIB=ranlib
ac_cv_prog_ac_ct_STRIP=strip
ac_cv_prog_cc_c89=
ac_cv_prog_cc_g=yes
ac_cv_prog_make_make_set=yes
ac_cv_type_size_t=yes
am_cv_CC_dependencies_compiler_type=gcc3
am_cv_make_support_nested_variables=yes
am_cv_prog_cc_c_o=yes
lt_cv_ar_at_file=@
lt_cv_archive_cmds_need_lc=no
lt_cv_deplibs_check_method=pass_all
lt_cv_file_magic_cmd='$MAGIC_CMD'
lt_cv_file_magic_test_file=
lt_cv_ld_reload_flag=-r
lt_cv_nm_interface='BSD nm'
lt_cv_objdir=.libs
lt_cv_path_LD=/usr/bin/ld
lt_cv_path_NM='/usr/bin/nm -B'
lt_cv_path_mainfest_tool=no
lt_cv_prog_compiler_c_o=yes
lt_cv_prog_compiler_pic='-fPIC -DPIC'
lt_cv_prog_compiler_pic_works=yes
lt_cv_prog_compiler_rtti_exceptions=no
lt_cv_prog_compiler_static_works=yes
lt_cv_prog_gnu_ld=yes
lt_cv_sharedlib_from_linklib_cmd='printf %s\n'
lt_cv_shlibpath_overrides_runpath=yes
lt_cv_sys_global_symbol_pipe='sed -n -e '\''s/^.*[	 ]\([ABCDGIRSTW][ABCDGIRSTW]*\)[	 ][	 ]*\([_A-Za-z][_A-Za-z0-9]*\)$/\1 \2 \2/p'\'' | sed '\''/ __gnu_lto/d'\'''
lt_cv_sys_global_symbol_to_c_name_address='sed -n -e '\''s/^: \([^ ]*\)[ ]*$/  {\"\1\", (void *) 0},/p'\'' -e '\''s/^[ABCDGIRSTW]* \([^ ]*\) \([^ ]*\)$/  {"\2", (void *) \&\2},/p'\'''
lt_cv_sys_global_symbol_to_c_name_address_lib_prefix='sed -n -e '\''s/^: \([^ ]*\)[ ]*$/  {\"\1\", (void *) 0},/p'\'' -e '\''s/^[ABCDGIRSTW]* \([^ ]*\) \(lib[^ ]*\)$/  {"\2", (void *) \&\2},/p'\'' -e '\''s/^[ABCDGIRSTW]* \([^ ]*\) \([^ ]*\)$/  {"lib\2", (void *) \&\2},/p'\'''
lt_cv_sys_global_symbol_to_cdecl='sed -n -e '\''s/^T .* \(.*\)$/extern int \1();/p'\'' -e '\''s/^[ABCDGIRSTW]* .* \(.*\)$/extern char \1;/p'\'''
lt_cv_sys_max_cmd_len=1572864
lt_cv_to_host_file_cmd=func_convert_file_noop
lt_cv_to_tool_file_cmd=func_convert_file_noop

## ----------------- ##
## Output variables. ##
## ----------------- ##

ACLOCAL='${SHELL} /home/nyancat86/git/ksnctf/34_Are_you_human?/work/leptonica-1.74.4/config/missing aclocal-1.14'
AMDEPBACKSLASH='\'
AMDEP_FALSE='#'
AMDEP_TRUE=''
AMTAR='$${TAR-tar}'
AM_BACKSLASH='\'
AM_DEFAULT_V='$(AM_DEFAULT_VERBOSITY)'
AM_DEFAULT_VERBOSITY='0'
AM_V='$(V)'
APPLE_UNIVERSAL_BUILD='0'
AR='ar'
AUTOCONF='${SHELL} /home/nyancat86/git/ksnctf/34_Are_you_human?/work/leptonica-1.74.4/config/missing autoconf'
AUTOHEADER='${SHELL} /home/nyancat86/git/ksnctf/34_Are_you_human?/work/leptonica-1.74.4/config/missing autoheader'
AUTOMAKE='${SHELL} /home/nyancat86/git/ksnctf/34_Are_you_human?/work/leptonica-1.74.4/config/missing automake-1.14'
AWK='gawk'
CC='gcc'
CCDEPMODE='depmode=gcc3'
CFLAGS='-g -O2'
CPP='gcc -E'
CPPFLAGS=''
CYGPATH_W='echo'
DEFS='-DHAVE_CONFIG_H'
DEPDIR='.deps'
DLLTOOL='false'
DSYMUTIL=''
DUMPBIN=''
ECHO_C=''
ECHO_N='-n'
ECHO_T=''
EGREP='/bin/grep -E'
ENABLE_PROGRAMS_FALSE='#'
ENABLE_PROGRAMS_TRUE=''
ENDIANNESS='L_LITTLE_ENDIAN'
EXEEXT=''
FGREP='/bin/grep -F'
GDI_LIBS=''
GIFLIB_LIBS=''
GREP='/bin/grep'
HAVE_LIBGIF_FALSE=''
HAVE_LIBGIF_TRUE='#'
HAVE_LIBJP2K_FALSE=''
HAVE_LIBJP2K_TRUE='#'
HAVE_LIBWEBP_FALSE=''
HAVE_LIBWEBP_TRUE='#'
INSTALL_DATA='${INSTALL} -m 644'
INSTALL_PROGRAM='${INSTALL}'
INSTALL_SCRIPT='${INSTALL}'
INSTALL_STRIP_PROGRAM='$(install_sh) -c -s'
JPEG_CFLAGS=''
JPEG_LIBS=''
LD='/usr/bin/ld -m elf_x86_64'
LDFLAGS='-Wl,--as-needed '
LIBJP2K_CFLAGS=''
LIBJP2K_LIBS=''
LIBM='-lm'
LIBOBJS=''
LIBPNG_CFLAGS=''
LIBPNG_LIBS=''
LIBS=''
LIBTIFF_CFLAGS=''
LIBTIFF_LIBS=''
LIBTOOL='$(SHELL) $(top_builddir)/libtool'
LIBWEBP_CFLAGS=''
LIBWEBP_LIBS=''
LIPO=''
LN_S='ln -s'
LTLIBOBJS=''
MAKEINFO='${SHELL} /home/nyancat86/git/ksnctf/34_Are_you_human?/work/leptonica-1.74.4/config/missing makeinfo'
MANIFEST_TOOL=':'
MKDIR_P='/bin/mkdir -p'
NM='/usr/bin/nm -B'
NMEDIT=''
OBJDUMP='objdump'
OBJEXT='o'
OTOOL64=''
OTOOL=''
PACKAGE='leptonica'
PACKAGE_BUGREPORT=''
PACKAGE_NAME='leptonica'
PACKAGE_STRING='leptonica 1.74.4'
PACKAGE_TARNAME='leptonica'
PACKAGE_URL=''
PACKAGE_VERSION='1.74.4'
PATH_SEPARATOR=':'
PKG_CONFIG=''
PKG_CONFIG_LIBDIR=''
PKG_CONFIG_PATH=''
RANLIB='ranlib'
SED='/bin/sed'
SET_MAKE=''
SHELL='/bin/bash'
STRIP='strip'
VERSION='1.74.4'
ZLIB_CFLAGS=''
ZLIB_LIBS=''
ac_ct_AR='ar'
ac_ct_CC='gcc'
ac_ct_DUMPBIN=''
am__EXEEXT_FALSE=''
am__EXEEXT_TRUE='#'
am__fastdepCC_FALSE='#'
am__fastdepCC_TRUE=''
am__include='include'
am__isrc=''
am__leading_dot='.'
am__nodep='_no'
am__quote=''
am__tar='$${TAR-tar} chof - "$$tardir"'
am__untar='$${TAR-tar} xf -'
bindir='${exec_prefix}/bin'
build='x86_64-unknown-linux-gnu'
build_alias=''
build_cpu='x86_64'
build_os='linux-gnu'
build_vendor='unknown'
datadir='${datarootdir}'
datarootdir='${prefix}/share'
docdir='${datarootdir}/doc/${PACKAGE_TARNAME}'
dvidir='${docdir}'
exec_prefix='${prefix}'
host='x86_64-unknown-linux-gnu'
host_alias=''
host_cpu='x86_64'
host_os='linux-gnu'
host_vendor='unknown'
htmldir='${docdir}'
includedir='${prefix}/include'
infodir='${datarootdir}/info'
install_sh='${SHELL} /home/nyancat86/git/ksnctf/34_Are_you_human?/work/leptonica-1.74.4/config/install-sh'
libdir='${exec_prefix}/lib'
libexecdir='${exec_prefix}/libexec'
localedir='${datarootdir}/locale'
localstatedir='${prefix}/var'
mandir='${datarootdir}/man'
mkdir_p='$(MKDIR_P)'
oldincludedir='/usr/include'
pdfdir='${docdir}'
prefix='/usr/local'
program_transform_name='s,x,x,'
psdir='${docdir}'
sbindir='${exec_prefix}/sbin'
sharedstatedir='${prefix}/com'
sysconfdir='${prefix}/etc'
target_alias=''

## ----------- ##
## confdefs.h. ##
## ----------- ##

/* confdefs.h */
#define PACKAGE_NAME "leptonica"
#define PACKAGE_TARNAME "leptonica"
#define PACKAGE_VERSION "1.74.4"
#define PACKAGE_STRING "leptonica 1.74.4"
#define PACKAGE_BUGREPORT ""
#define PACKAGE_URL ""
#define STDC_HEADERS 1
#define HAVE_SYS_TYPES_H 1
#define HAVE_SYS_STAT_H 1
#define HAVE_STDLIB_H 1
#define HAVE_STRING_H 1
#define HAVE_MEMORY_H 1
#define HAVE_STRINGS_H 1
#define HAVE_INTTYPES_H 1
#define HAVE_STDINT_H 1
#define HAVE_UNISTD_H 1
#define HAVE_DLFCN_H 1
#define LT_OBJDIR ".libs/"
#define PACKAGE "leptonica"
#define VERSION "1.74.4"
#define HAVE_FMEMOPEN 1

configure: exit 0
